<?xml version="1.0" encoding="UTF-8"?>
<!-- Generated by org.testng.reporters.JUnitReportReporter -->
<testsuite hostname="LAPTOP-13MUH61E" failures="0" tests="1" name="TestNG.Exceptionaltimeout" time="0.007" errors="0" timestamp="2023-09-18T11:42:22 GMT-04:00" skipped="0">
  <testcase classname="TestNG.Exceptionaltimeout" name="test1" time="0.007"/>
</testsuite> <!-- TestNG.Exceptionaltimeout -->
