<?xml version="1.0" encoding="UTF-8"?>
<!-- Generated by org.testng.reporters.JUnitReportReporter -->
<testsuite hostname="LAPTOP-13MUH61E" failures="0" tests="2" name="TestNG.Googletest" time="12.609" errors="0" timestamp="2023-09-18T21:43:47 GMT-04:00" skipped="0">
  <testcase classname="TestNG.Googletest" name="GoogleTitleTest" time="6.697"/>
  <testcase classname="TestNG.Googletest" name="Logocheck" time="5.912"/>
</testsuite> <!-- TestNG.Googletest -->
