<?xml version="1.0" encoding="UTF-8"?>
<!-- Generated by org.testng.reporters.JUnitReportReporter -->
<testsuite hostname="LAPTOP-13MUH61E" failures="0" tests="2" name="TestNG.Dependencycases" time="0.003" errors="0" timestamp="2023-09-13T13:35:26 GMT-04:00" skipped="0">
  <testcase classname="TestNG.Dependencycases" name="Logintest" time="0.001"/>
  <testcase classname="TestNG.Dependencycases" name="Homepagetest" time="0.002"/>
</testsuite> <!-- TestNG.Dependencycases -->
