<?xml version="1.0" encoding="UTF-8"?>
<!-- Generated by org.testng.reporters.JUnitReportReporter -->
<testsuite hostname="LAPTOP-13MUH61E" failures="0" tests="2" name="TestNG.Softassertion" time="4.559" errors="0" timestamp="2023-09-14T13:42:15 GMT-04:00" skipped="0">
  <testcase classname="TestNG.Softassertion" name="print" time="0.010"/>
  <testcase classname="TestNG.Softassertion" name="assertionFailure" time="4.549"/>
</testsuite> <!-- TestNG.Softassertion -->
