<?xml version="1.0" encoding="UTF-8"?>
<!-- Generated by org.testng.reporters.JUnitReportReporter -->
<testsuite hostname="LAPTOP-13MUH61E" failures="0" tests="1" name="TestNG.Testngbasics" time="0.005" errors="0" timestamp="2023-09-13T13:35:26 GMT-04:00" skipped="0">
  <testcase classname="TestNG.Testngbasics" name="googletitletest" time="0.005"/>
</testsuite> <!-- TestNG.Testngbasics -->
