<?xml version="1.0" encoding="UTF-8"?>
<!-- Generated by org.testng.reporters.JUnitReportReporter -->
<testsuite hostname="LAPTOP-13MUH61E" failures="0" tests="4" name="TestNG.Priorityexecution" time="16.933" errors="0" timestamp="2023-09-13T13:35:26 GMT-04:00" skipped="0">
  <testcase classname="TestNG.Priorityexecution" name="GoogleTitleTest" time="4.632"/>
  <testcase classname="TestNG.Priorityexecution" name="Logocheck" time="4.551"/>
  <testcase classname="TestNG.Priorityexecution" name="Gmaillinktest" time="3.454"/>
  <testcase classname="TestNG.Priorityexecution" name="test4" time="4.296"/>
</testsuite> <!-- TestNG.Priorityexecution -->
