<?xml version="1.0" encoding="UTF-8"?>
<!-- Generated by org.testng.reporters.JUnitReportReporter -->
<testsuite hostname="LAPTOP-13MUH61E" failures="0" tests="3" name="TestNG.Invocationmethod" time="0.007" errors="0" timestamp="2023-09-13T13:35:26 GMT-04:00" skipped="0">
  <testcase classname="TestNG.Invocationmethod" name="sum" time="0.005"/>
  <testcase classname="TestNG.Invocationmethod" name="sum" time="0.001"/>
  <testcase classname="TestNG.Invocationmethod" name="sum" time="0.001"/>
</testsuite> <!-- TestNG.Invocationmethod -->
